<?xml version="1.0" encoding="UTF-8"?>
<testsuite xmlns:xsi="http://www.w3.org/2001/XMLSchema-instance" xsi:schemaLocation="https://maven.apache.org/surefire/maven-surefire-plugin/xsd/surefire-test-report.xsd" name="TestSuite" time="109.321" tests="56" errors="0" skipped="0" failures="0">
  <properties>
    <property name="java.runtime.name" value="Java(TM) SE Runtime Environment"/>
    <property name="sun.boot.library.path" value="C:\Program Files\Java\jdk1.8.0_102\jre\bin"/>
    <property name="java.vm.version" value="25.102-b14"/>
    <property name="java.vm.vendor" value="Oracle Corporation"/>
    <property name="maven.multiModuleProjectDirectory" value="D:\sirena\CheckWebsiteAvailability"/>
    <property name="java.vendor.url" value="http://java.oracle.com/"/>
    <property name="path.separator" value=";"/>
    <property name="guice.disable.misplaced.annotation.check" value="true"/>
    <property name="java.vm.name" value="Java HotSpot(TM) 64-Bit Server VM"/>
    <property name="file.encoding.pkg" value="sun.io"/>
    <property name="user.script" value=""/>
    <property name="user.country" value="US"/>
    <property name="sun.java.launcher" value="SUN_STANDARD"/>
    <property name="sun.os.patch.level" value="Service Pack 1"/>
    <property name="java.vm.specification.name" value="Java Virtual Machine Specification"/>
    <property name="user.dir" value="D:\sirena\CheckWebsiteAvailability"/>
    <property name="java.runtime.version" value="1.8.0_102-b14"/>
    <property name="java.awt.graphicsenv" value="sun.awt.Win32GraphicsEnvironment"/>
    <property name="java.endorsed.dirs" value="C:\Program Files\Java\jdk1.8.0_102\jre\lib\endorsed"/>
    <property name="os.arch" value="amd64"/>
    <property name="java.io.tmpdir" value="C:\Users\ADMINI~1\AppData\Local\Temp\2\"/>
    <property name="line.separator" value="&#10;"/>
    <property name="java.vm.specification.vendor" value="Oracle Corporation"/>
    <property name="user.variant" value=""/>
    <property name="os.name" value="Windows Server 2008 R2"/>
    <property name="classworlds.conf" value="D:\sirena\Downloads\appache\apache-maven-3.3.9\bin\m2.conf"/>
    <property name="sun.jnu.encoding" value="Cp1255"/>
    <property name="java.library.path" value="C:\Program Files\Java\jdk1.8.0_102\bin;C:\Windows\Sun\Java\bin;C:\Windows\system32;C:\Windows;C:\Program Files\Java\jdk1.8.0_102\\bin;C:\ProgramData\Oracle\Java\javapath;D:\Program Files\CA\SC\CAWIN\;C:\Windows\system32;C:\Windows;C:\Windows\System32\Wbem;C:\Windows\System32\WindowsPowerShell\v1.0\;C:\Program Files (x86)\CA\SC\Csam\SockAdapter\bin;D:\Program Files\CA\SC\CBB\;D:\Program Files\CA\DSM\bin;D:\PROGRA~1\CA\SC\CAM\bin;C:\Program Files (x86)\HP\Unified Functional Testing\bin;D:\Program Files\Gradle\gradle-3.0\bin;C:\Program Files (x86)\Google\Chrome\Application\;C:\Program Files\Java\jdk1.8.0_102\bin\;D:\sirena\main\;C:\Users\Administrator\.m2\repository;D:\sirena\Downloads\appache\apache-maven-3.3.9\bin;;."/>
    <property name="java.specification.name" value="Java Platform API Specification"/>
    <property name="java.class.version" value="52.0"/>
    <property name="sun.management.compiler" value="HotSpot 64-Bit Tiered Compilers"/>
    <property name="os.version" value="6.1"/>
    <property name="user.home" value="C:\Users\Administrator"/>
    <property name="user.timezone" value="Asia/Jerusalem"/>
    <property name="java.awt.printerjob" value="sun.awt.windows.WPrinterJob"/>
    <property name="java.specification.version" value="1.8"/>
    <property name="file.encoding" value="Cp1255"/>
    <property name="user.name" value="Administrator"/>
    <property name="java.class.path" value="D:\sirena\Downloads\appache\apache-maven-3.3.9\boot\plexus-classworlds-2.5.2.jar"/>
    <property name="java.vm.specification.version" value="1.8"/>
    <property name="sun.arch.data.model" value="64"/>
    <property name="java.home" value="C:\Program Files\Java\jdk1.8.0_102\jre"/>
    <property name="sun.java.command" value="org.codehaus.plexus.classworlds.launcher.Launcher -f pom.xml test"/>
    <property name="java.specification.vendor" value="Oracle Corporation"/>
    <property name="user.language" value="en"/>
    <property name="awt.toolkit" value="sun.awt.windows.WToolkit"/>
    <property name="java.vm.info" value="mixed mode"/>
    <property name="java.version" value="1.8.0_102"/>
    <property name="java.ext.dirs" value="C:\Program Files\Java\jdk1.8.0_102\jre\lib\ext;C:\Windows\Sun\Java\lib\ext"/>
    <property name="sun.boot.class.path" value="C:\Program Files\Java\jdk1.8.0_102\jre\lib\resources.jar;C:\Program Files\Java\jdk1.8.0_102\jre\lib\rt.jar;C:\Program Files\Java\jdk1.8.0_102\jre\lib\sunrsasign.jar;C:\Program Files\Java\jdk1.8.0_102\jre\lib\jsse.jar;C:\Program Files\Java\jdk1.8.0_102\jre\lib\jce.jar;C:\Program Files\Java\jdk1.8.0_102\jre\lib\charsets.jar;C:\Program Files\Java\jdk1.8.0_102\jre\lib\jfr.jar;C:\Program Files\Java\jdk1.8.0_102\jre\classes"/>
    <property name="sun.stderr.encoding" value="cp65001"/>
    <property name="java.vendor" value="Oracle Corporation"/>
    <property name="maven.home" value="D:\sirena\Downloads\appache\apache-maven-3.3.9"/>
    <property name="file.separator" value="\"/>
    <property name="java.vendor.url.bug" value="http://bugreport.sun.com/bugreport/"/>
    <property name="sun.cpu.endian" value="little"/>
    <property name="sun.io.unicode.encoding" value="UnicodeLittle"/>
    <property name="sun.stdout.encoding" value="cp65001"/>
    <property name="sun.desktop" value="windows"/>
    <property name="sun.cpu.isalist" value="amd64"/>
  </properties>
  <testcase name="checkPageTitle" classname="tests.WebsiteAvailabilityTest" time="7.091"/>
  <testcase name="checkPageTitle" classname="tests.WebsiteAvailabilityTest" time="3.634"/>
  <testcase name="checkPageTitle" classname="tests.WebsiteAvailabilityTest" time="3.425"/>
  <testcase name="checkPageTitle" classname="tests.WebsiteAvailabilityTest" time="3.61"/>
  <testcase name="checkPageTitle" classname="tests.WebsiteAvailabilityTest" time="1.102"/>
  <testcase name="checkPageTitle" classname="tests.WebsiteAvailabilityTest" time="2.693"/>
  <testcase name="checkPageTitle" classname="tests.WebsiteAvailabilityTest" time="0.646"/>
  <testcase name="checkPageTitle" classname="tests.WebsiteAvailabilityTest" time="3.581"/>
  <testcase name="checkPageTitle" classname="tests.WebsiteAvailabilityTest" time="1.158"/>
  <testcase name="checkPageTitle" classname="tests.WebsiteAvailabilityTest" time="1.358"/>
  <testcase name="checkPageTitle" classname="tests.WebsiteAvailabilityTest" time="1.191"/>
  <testcase name="checkPageTitle" classname="tests.WebsiteAvailabilityTest" time="0.796"/>
  <testcase name="checkPageTitle" classname="tests.WebsiteAvailabilityTest" time="2.107"/>
  <testcase name="checkPageTitle" classname="tests.WebsiteAvailabilityTest" time="1.58"/>
  <testcase name="checkPageTitle" classname="tests.WebsiteAvailabilityTest" time="5.651"/>
  <testcase name="checkPageTitle" classname="tests.WebsiteAvailabilityTest" time="3.183"/>
  <testcase name="checkPageTitle" classname="tests.WebsiteAvailabilityTest" time="3.367"/>
  <testcase name="checkPageTitle" classname="tests.WebsiteAvailabilityTest" time="1.195"/>
  <testcase name="checkPageTitle" classname="tests.WebsiteAvailabilityTest" time="1.184"/>
  <testcase name="checkPageTitle" classname="tests.WebsiteAvailabilityTest" time="0.732"/>
  <testcase name="checkPageTitle" classname="tests.WebsiteAvailabilityTest" time="0.693"/>
  <testcase name="checkPageTitle" classname="tests.WebsiteAvailabilityTest" time="1.169"/>
  <testcase name="checkPageTitle" classname="tests.WebsiteAvailabilityTest" time="0.94"/>
  <testcase name="checkPageTitle" classname="tests.WebsiteAvailabilityTest" time="0.617"/>
  <testcase name="checkPageTitle" classname="tests.WebsiteAvailabilityTest" time="0.687"/>
  <testcase name="checkPageTitle" classname="tests.WebsiteAvailabilityTest" time="0.457"/>
  <testcase name="checkPageTitle" classname="tests.WebsiteAvailabilityTest" time="1.06"/>
  <testcase name="checkPageTitle" classname="tests.WebsiteAvailabilityTest" time="0.669"/>
  <testcase name="checkPageTitle" classname="tests.WebsiteAvailabilityTest" time="5.637"/>
  <testcase name="checkPageTitle" classname="tests.WebsiteAvailabilityTest" time="3.511"/>
  <testcase name="checkPageTitle" classname="tests.WebsiteAvailabilityTest" time="3.479"/>
  <testcase name="checkPageTitle" classname="tests.WebsiteAvailabilityTest" time="1.376"/>
  <testcase name="checkPageTitle" classname="tests.WebsiteAvailabilityTest" time="1.415"/>
  <testcase name="checkPageTitle" classname="tests.WebsiteAvailabilityTest" time="1.121"/>
  <testcase name="checkPageTitle" classname="tests.WebsiteAvailabilityTest" time="0.743"/>
  <testcase name="checkPageTitle" classname="tests.WebsiteAvailabilityTest" time="1.421"/>
  <testcase name="checkPageTitle" classname="tests.WebsiteAvailabilityTest" time="1.187"/>
  <testcase name="checkPageTitle" classname="tests.WebsiteAvailabilityTest" time="0.818"/>
  <testcase name="checkPageTitle" classname="tests.WebsiteAvailabilityTest" time="0.857"/>
  <testcase name="checkPageTitle" classname="tests.WebsiteAvailabilityTest" time="0.555"/>
  <testcase name="checkPageTitle" classname="tests.WebsiteAvailabilityTest" time="1.407"/>
  <testcase name="checkPageTitle" classname="tests.WebsiteAvailabilityTest" time="0.85"/>
  <testcase name="checkPageTitle" classname="tests.WebsiteAvailabilityTest" time="5.372"/>
  <testcase name="checkPageTitle" classname="tests.WebsiteAvailabilityTest" time="3.748"/>
  <testcase name="checkPageTitle" classname="tests.WebsiteAvailabilityTest" time="3.594"/>
  <testcase name="checkPageTitle" classname="tests.WebsiteAvailabilityTest" time="1.731"/>
  <testcase name="checkPageTitle" classname="tests.WebsiteAvailabilityTest" time="1.787"/>
  <testcase name="checkPageTitle" classname="tests.WebsiteAvailabilityTest" time="1.185"/>
  <testcase name="checkPageTitle" classname="tests.WebsiteAvailabilityTest" time="1.023"/>
  <testcase name="checkPageTitle" classname="tests.WebsiteAvailabilityTest" time="1.282"/>
  <testcase name="checkPageTitle" classname="tests.WebsiteAvailabilityTest" time="1.122"/>
  <testcase name="checkPageTitle" classname="tests.WebsiteAvailabilityTest" time="0.546"/>
  <testcase name="checkPageTitle" classname="tests.WebsiteAvailabilityTest" time="0.712"/>
  <testcase name="checkPageTitle" classname="tests.WebsiteAvailabilityTest" time="0.44"/>
  <testcase name="checkPageTitle" classname="tests.WebsiteAvailabilityTest" time="1.17"/>
  <testcase name="checkPageTitle" classname="tests.WebsiteAvailabilityTest" time="0.666"/>
</testsuite>