<?xml version="1.0" encoding="UTF-8"?>
<!-- Generated by org.testng.reporters.JUnitReportReporter -->
<testsuite hostname="vrw-monitordev1" name="tests.WebsiteAvailabilityTest" tests="56" failures="0" timestamp="30 Oct 2016 09:36:57 GMT" time="103.330" errors="0">
  <testcase name="checkPageTitle" time="7.007" classname="tests.WebsiteAvailabilityTest"/>
  <testcase name="checkPageTitle" time="0.506" classname="tests.WebsiteAvailabilityTest"/>
  <testcase name="checkPageTitle" time="0.792" classname="tests.WebsiteAvailabilityTest"/>
  <testcase name="checkPageTitle" time="0.604" classname="tests.WebsiteAvailabilityTest"/>
  <testcase name="checkPageTitle" time="0.901" classname="tests.WebsiteAvailabilityTest"/>
  <testcase name="checkPageTitle" time="2.855" classname="tests.WebsiteAvailabilityTest"/>
  <testcase name="checkPageTitle" time="0.855" classname="tests.WebsiteAvailabilityTest"/>
  <testcase name="checkPageTitle" time="0.823" classname="tests.WebsiteAvailabilityTest"/>
  <testcase name="checkPageTitle" time="0.670" classname="tests.WebsiteAvailabilityTest"/>
  <testcase name="checkPageTitle" time="1.313" classname="tests.WebsiteAvailabilityTest"/>
  <testcase name="checkPageTitle" time="5.299" classname="tests.WebsiteAvailabilityTest"/>
  <testcase name="checkPageTitle" time="0.840" classname="tests.WebsiteAvailabilityTest"/>
  <testcase name="checkPageTitle" time="0.664" classname="tests.WebsiteAvailabilityTest"/>
  <testcase name="checkPageTitle" time="4.513" classname="tests.WebsiteAvailabilityTest"/>
  <testcase name="checkPageTitle" time="3.602" classname="tests.WebsiteAvailabilityTest"/>
  <testcase name="checkPageTitle" time="2.542" classname="tests.WebsiteAvailabilityTest"/>
  <testcase name="checkPageTitle" time="2.658" classname="tests.WebsiteAvailabilityTest"/>
  <testcase name="checkPageTitle" time="0.880" classname="tests.WebsiteAvailabilityTest"/>
  <testcase name="checkPageTitle" time="1.102" classname="tests.WebsiteAvailabilityTest"/>
  <testcase name="checkPageTitle" time="1.186" classname="tests.WebsiteAvailabilityTest"/>
  <testcase name="checkPageTitle" time="0.733" classname="tests.WebsiteAvailabilityTest"/>
  <testcase name="checkPageTitle" time="1.174" classname="tests.WebsiteAvailabilityTest"/>
  <testcase name="checkPageTitle" time="0.711" classname="tests.WebsiteAvailabilityTest"/>
  <testcase name="checkPageTitle" time="0.922" classname="tests.WebsiteAvailabilityTest"/>
  <testcase name="checkPageTitle" time="0.722" classname="tests.WebsiteAvailabilityTest"/>
  <testcase name="checkPageTitle" time="1.507" classname="tests.WebsiteAvailabilityTest"/>
  <testcase name="checkPageTitle" time="1.027" classname="tests.WebsiteAvailabilityTest"/>
  <testcase name="checkPageTitle" time="5.745" classname="tests.WebsiteAvailabilityTest"/>
  <testcase name="checkPageTitle" time="0.941" classname="tests.WebsiteAvailabilityTest"/>
  <testcase name="checkPageTitle" time="0.725" classname="tests.WebsiteAvailabilityTest"/>
  <testcase name="checkPageTitle" time="1.062" classname="tests.WebsiteAvailabilityTest"/>
  <testcase name="checkPageTitle" time="0.625" classname="tests.WebsiteAvailabilityTest"/>
  <testcase name="checkPageTitle" time="0.790" classname="tests.WebsiteAvailabilityTest"/>
  <testcase name="checkPageTitle" time="1.079" classname="tests.WebsiteAvailabilityTest"/>
  <testcase name="checkPageTitle" time="3.796" classname="tests.WebsiteAvailabilityTest"/>
  <testcase name="checkPageTitle" time="0.619" classname="tests.WebsiteAvailabilityTest"/>
  <testcase name="checkPageTitle" time="3.443" classname="tests.WebsiteAvailabilityTest"/>
  <testcase name="checkPageTitle" time="0.811" classname="tests.WebsiteAvailabilityTest"/>
  <testcase name="checkPageTitle" time="0.875" classname="tests.WebsiteAvailabilityTest"/>
  <testcase name="checkPageTitle" time="2.949" classname="tests.WebsiteAvailabilityTest"/>
  <testcase name="checkPageTitle" time="0.879" classname="tests.WebsiteAvailabilityTest"/>
  <testcase name="checkPageTitle" time="0.733" classname="tests.WebsiteAvailabilityTest"/>
  <testcase name="checkPageTitle" time="0.884" classname="tests.WebsiteAvailabilityTest"/>
  <testcase name="checkPageTitle" time="0.624" classname="tests.WebsiteAvailabilityTest"/>
  <testcase name="checkPageTitle" time="2.936" classname="tests.WebsiteAvailabilityTest"/>
  <testcase name="checkPageTitle" time="5.284" classname="tests.WebsiteAvailabilityTest"/>
  <testcase name="checkPageTitle" time="5.114" classname="tests.WebsiteAvailabilityTest"/>
  <testcase name="checkPageTitle" time="1.474" classname="tests.WebsiteAvailabilityTest"/>
  <testcase name="checkPageTitle" time="0.708" classname="tests.WebsiteAvailabilityTest"/>
  <testcase name="checkPageTitle" time="1.006" classname="tests.WebsiteAvailabilityTest"/>
  <testcase name="checkPageTitle" time="2.860" classname="tests.WebsiteAvailabilityTest"/>
  <testcase name="checkPageTitle" time="1.394" classname="tests.WebsiteAvailabilityTest"/>
  <testcase name="checkPageTitle" time="0.553" classname="tests.WebsiteAvailabilityTest"/>
  <testcase name="checkPageTitle" time="1.548" classname="tests.WebsiteAvailabilityTest"/>
  <testcase name="checkPageTitle" time="3.463" classname="tests.WebsiteAvailabilityTest"/>
  <testcase name="checkPageTitle" time="4.002" classname="tests.WebsiteAvailabilityTest"/>
</testsuite> <!-- tests.WebsiteAvailabilityTest -->
