<?xml version="1.0" encoding="UTF-8"?>
<!-- Generated by org.testng.reporters.JUnitReportReporter -->
<testsuite hostname="vrw-monitordev1" name="tests.WebsiteAvailabilityTest" tests="56" failures="0" timestamp="27 Oct 2016 13:27:40 GMT" time="104.408" errors="0">
  <testcase name="checkPageTitle" time="0.858" classname="tests.WebsiteAvailabilityTest"/>
  <testcase name="checkPageTitle" time="3.581" classname="tests.WebsiteAvailabilityTest"/>
  <testcase name="checkPageTitle" time="0.617" classname="tests.WebsiteAvailabilityTest"/>
  <testcase name="checkPageTitle" time="1.577" classname="tests.WebsiteAvailabilityTest"/>
  <testcase name="checkPageTitle" time="0.744" classname="tests.WebsiteAvailabilityTest"/>
  <testcase name="checkPageTitle" time="0.651" classname="tests.WebsiteAvailabilityTest"/>
  <testcase name="checkPageTitle" time="0.936" classname="tests.WebsiteAvailabilityTest"/>
  <testcase name="checkPageTitle" time="1.194" classname="tests.WebsiteAvailabilityTest"/>
  <testcase name="checkPageTitle" time="0.732" classname="tests.WebsiteAvailabilityTest"/>
  <testcase name="checkPageTitle" time="1.787" classname="tests.WebsiteAvailabilityTest"/>
  <testcase name="checkPageTitle" time="0.717" classname="tests.WebsiteAvailabilityTest"/>
  <testcase name="checkPageTitle" time="0.777" classname="tests.WebsiteAvailabilityTest"/>
  <testcase name="checkPageTitle" time="0.457" classname="tests.WebsiteAvailabilityTest"/>
  <testcase name="checkPageTitle" time="1.127" classname="tests.WebsiteAvailabilityTest"/>
  <testcase name="checkPageTitle" time="3.750" classname="tests.WebsiteAvailabilityTest"/>
  <testcase name="checkPageTitle" time="0.543" classname="tests.WebsiteAvailabilityTest"/>
  <testcase name="checkPageTitle" time="3.479" classname="tests.WebsiteAvailabilityTest"/>
  <testcase name="checkPageTitle" time="0.687" classname="tests.WebsiteAvailabilityTest"/>
  <testcase name="checkPageTitle" time="0.675" classname="tests.WebsiteAvailabilityTest"/>
  <testcase name="checkPageTitle" time="5.685" classname="tests.WebsiteAvailabilityTest"/>
  <testcase name="checkPageTitle" time="5.400" classname="tests.WebsiteAvailabilityTest"/>
  <testcase name="checkPageTitle" time="3.514" classname="tests.WebsiteAvailabilityTest"/>
  <testcase name="checkPageTitle" time="0.686" classname="tests.WebsiteAvailabilityTest"/>
  <testcase name="checkPageTitle" time="3.590" classname="tests.WebsiteAvailabilityTest"/>
  <testcase name="checkPageTitle" time="1.170" classname="tests.WebsiteAvailabilityTest"/>
  <testcase name="checkPageTitle" time="0.861" classname="tests.WebsiteAvailabilityTest"/>
  <testcase name="checkPageTitle" time="2.686" classname="tests.WebsiteAvailabilityTest"/>
  <testcase name="checkPageTitle" time="3.367" classname="tests.WebsiteAvailabilityTest"/>
  <testcase name="checkPageTitle" time="1.022" classname="tests.WebsiteAvailabilityTest"/>
  <testcase name="checkPageTitle" time="1.276" classname="tests.WebsiteAvailabilityTest"/>
  <testcase name="checkPageTitle" time="1.184" classname="tests.WebsiteAvailabilityTest"/>
  <testcase name="checkPageTitle" time="3.634" classname="tests.WebsiteAvailabilityTest"/>
  <testcase name="checkPageTitle" time="1.187" classname="tests.WebsiteAvailabilityTest"/>
  <testcase name="checkPageTitle" time="2.126" classname="tests.WebsiteAvailabilityTest"/>
  <testcase name="checkPageTitle" time="1.122" classname="tests.WebsiteAvailabilityTest"/>
  <testcase name="checkPageTitle" time="1.363" classname="tests.WebsiteAvailabilityTest"/>
  <testcase name="checkPageTitle" time="1.053" classname="tests.WebsiteAvailabilityTest"/>
  <testcase name="checkPageTitle" time="0.666" classname="tests.WebsiteAvailabilityTest"/>
  <testcase name="checkPageTitle" time="1.154" classname="tests.WebsiteAvailabilityTest"/>
  <testcase name="checkPageTitle" time="1.187" classname="tests.WebsiteAvailabilityTest"/>
  <testcase name="checkPageTitle" time="7.100" classname="tests.WebsiteAvailabilityTest"/>
  <testcase name="checkPageTitle" time="3.611" classname="tests.WebsiteAvailabilityTest"/>
  <testcase name="checkPageTitle" time="1.181" classname="tests.WebsiteAvailabilityTest"/>
  <testcase name="checkPageTitle" time="5.661" classname="tests.WebsiteAvailabilityTest"/>
  <testcase name="checkPageTitle" time="0.557" classname="tests.WebsiteAvailabilityTest"/>
  <testcase name="checkPageTitle" time="3.183" classname="tests.WebsiteAvailabilityTest"/>
  <testcase name="checkPageTitle" time="1.378" classname="tests.WebsiteAvailabilityTest"/>
  <testcase name="checkPageTitle" time="1.419" classname="tests.WebsiteAvailabilityTest"/>
  <testcase name="checkPageTitle" time="1.393" classname="tests.WebsiteAvailabilityTest"/>
  <testcase name="checkPageTitle" time="1.406" classname="tests.WebsiteAvailabilityTest"/>
  <testcase name="checkPageTitle" time="1.731" classname="tests.WebsiteAvailabilityTest"/>
  <testcase name="checkPageTitle" time="0.441" classname="tests.WebsiteAvailabilityTest"/>
  <testcase name="checkPageTitle" time="3.425" classname="tests.WebsiteAvailabilityTest"/>
  <testcase name="checkPageTitle" time="0.819" classname="tests.WebsiteAvailabilityTest"/>
  <testcase name="checkPageTitle" time="1.178" classname="tests.WebsiteAvailabilityTest"/>
  <testcase name="checkPageTitle" time="1.103" classname="tests.WebsiteAvailabilityTest"/>
</testsuite> <!-- tests.WebsiteAvailabilityTest -->
